<?xml version="1.0" encoding="UTF-8"?>
<!-- Generated by org.testng.reporters.JUnitXMLReporter -->
<testsuite ignored="0" hostname="ANANDA-ACHARYA" failures="1" tests="1" name="TruBILoginTest" time="24.248" errors="0" timestamp="2020-09-27T21:21:02 IST">
  <testcase classname="com.automation.loginpage.Test.TruBIApplicationLoginTest" name="getLogin" time="5.042">
    <failure type="java.lang.NullPointerException">
      <![CDATA[java.lang.NullPointerException
at com.automation.Configuration.BaseConfig.waitForElementToAppear(BaseConfig.java:135)
at com.automation.Configuration.BaseConfig.writeText(BaseConfig.java:356)
at com.automation.PageObject.LoginPage.getLoginVerify(LoginPage.java:79)
at com.automation.loginpage.Test.TruBIApplicationLoginTest.getLogin(TruBIApplicationLoginTest.java:49)
at java.base/java.util.ArrayList.forEach(ArrayList.java:1510)
... Removed 27 stack frames]]>
    </failure>
  </testcase> <!-- getLogin -->
</testsuite> <!-- TruBILoginTest -->
